commit 9255d1e8f41ce6f7b0151602f346ad9254540948
Author: anmehta4 <anmehta4@wisc.edu>
Date:   Thu Sep 29 19:09:45 2022 -0500

    Final change

commit a5936346fcb613b73fe89237d96481929cdf582b
Author: anmehta4 <anmehta4@wisc.edu>
Date:   Thu Sep 29 19:07:37 2022 -0500

    Final change

commit 6d5b01930ffae8bc98789200f0ad87443f863eab
Author: anmehta4 <anmehta4@wisc.edu>
Date:   Thu Sep 29 19:07:18 2022 -0500

    Final change

commit d8438b1fdda3b9c5ab5d25f298c79e3c583caeff
Author: anmehta4 <anmehta4@wisc.edu>
Date:   Thu Sep 29 19:06:23 2022 -0500

    Final change

commit fb06cfa7135bbeaa656a07203e9398124a1e8ee7
Author: anmehta4 <anmehta4@wisc.edu>
Date:   Thu Sep 29 19:05:05 2022 -0500

    Final change

commit c03df63327b144c448f339478545d6047ddae57c
Author: anmehta4 <anmehta4@wisc.edu>
Date:   Thu Sep 29 19:02:57 2022 -0500

    Final change

commit 05bed94daa8bd587244d3e8d0306182fe3a88776
Author: anmehta4 <anmehta4@wisc.edu>
Date:   Thu Sep 29 18:59:24 2022 -0500

    Final change

commit 8bf9409ffc9b92693a331b32fe805a56f0400555
Author: anmehta4 <anmehta4@wisc.edu>
Date:   Thu Sep 29 18:56:44 2022 -0500

    Final change

commit 8e019488da524e3f5a8bf4d41877ceb4eaa4c2aa
Author: anmehta4 <anmehta4@wisc.edu>
Date:   Thu Sep 29 18:53:40 2022 -0500

    Final change

commit b1412d915e7b2443ab09243d801f293732d00cca
Author: anmehta4 <anmehta4@wisc.edu>
Date:   Thu Sep 29 18:47:00 2022 -0500

    Final change

commit 57087efc58b0a86a9eacd2af14a2858f3a8db5d1
Author: anmehta4 <anmehta4@wisc.edu>
Date:   Thu Sep 29 18:44:54 2022 -0500

    Final change

commit a8b617bd52783fb19c28cc0db9782b5db69f7ea6
Author: anmehta4 <anmehta4@wisc.edu>
Date:   Thu Sep 29 18:34:27 2022 -0500

    Final change

commit 6577483ace62757b8581192c46086281119a71ad
Author: anmehta4 <anmehta4@wisc.edu>
Date:   Thu Sep 29 18:27:59 2022 -0500

    Final change

commit 9e1109d1e7e2ab7160c784166c3f9bb59d6eff14
Author: anmehta4 <anmehta4@wisc.edu>
Date:   Thu Sep 29 18:10:05 2022 -0500

    New main cpp for different dim testing

commit f44e933e75862a7c3af17ad1a3fdcc3a3d3cbec5
Author: anmehta4 <anmehta4@wisc.edu>
Date:   Thu Sep 29 18:07:00 2022 -0500

    New main cpp for different dim testing

commit 1157c82d0eb258de6b0ba61e063db1dae5db21ca
Author: anmehta4 <anmehta4@wisc.edu>
Date:   Thu Sep 29 18:01:19 2022 -0500

    New main cpp for different dim testing

commit a6a90c2f1d0ffa8d5d63b55ba2c3daf8308a758b
Author: anmehta4 <anmehta4@wisc.edu>
Date:   Thu Sep 29 17:52:09 2022 -0500

    New main cpp for different dim testing

commit 414e55992b0d802fa89939438bece8c93001f505
Author: anmehta4 <anmehta4@wisc.edu>
Date:   Thu Sep 29 17:42:23 2022 -0500

    New main cpp for different dim testing

commit 67ec162259120e7668f72878a1eddfa5b49739b1
Author: anmehta4 <anmehta4@wisc.edu>
Date:   Thu Sep 29 17:42:01 2022 -0500

    New main cpp for different dim testing

commit a6468b3788f900ece9a7823469a7927fc00d5be7
Author: anmehta4 <anmehta4@wisc.edu>
Date:   Thu Sep 29 17:26:12 2022 -0500

    New main cpp for different dim testing

commit 039dc860119c6dbe0aa125ce67aa46c9221d7149
Author: anmehta4 <anmehta4@wisc.edu>
Date:   Thu Sep 29 17:24:41 2022 -0500

    New main cpp for different dim testing

commit 3b37a403b5a0af917db12f0df83b4f63ea6c4ee8
Author: anmehta4 <anmehta4@wisc.edu>
Date:   Thu Sep 29 17:23:12 2022 -0500

    New main cpp for different dim testing

commit cefede7971e1b3f819116a07a1230b3cc3598565
Author: anmehta4 <anmehta4@wisc.edu>
Date:   Thu Sep 29 17:18:42 2022 -0500

    New main cpp for different dim testing

commit 3b575ec915df9b917c64d3762cecccf70d7010c5
Author: anmehta4 <anmehta4@wisc.edu>
Date:   Thu Sep 29 17:11:54 2022 -0500

    New main cpp for different dim testing

commit 8655482094428f0a1e0ee688bf8b38302c1c833e
Merge: 5aed23b 469ffe4
Author: anmehta4 <anmehta4@wisc.edu>
Date:   Thu Sep 29 17:00:30 2022 -0500

    Merge branch 'main' of github.com:allisonseigler/ece554_miniproject5 into main

commit 5aed23b02b551f7bf3043f6536dfaa48842b6322
Author: anmehta4 <anmehta4@wisc.edu>
Date:   Thu Sep 29 17:00:08 2022 -0500

    New main cpp for different dim testing

commit 469ffe438da605cd3e803c83514857380d661076
Author: u167179 <u167179@s005-n007.aidevcloud>
Date:   Thu Sep 29 14:34:48 2022 -0700

    add log from unedited main.cpp

commit 754e5f9fce6266ceaee010885f4ef28d5a8eb7cf
Author: anmehta4 <anmehta4@wisc.edu>
Date:   Thu Sep 29 16:08:45 2022 -0500

    Adding main.cpp

commit d4dc58342ee214ef052b3f5fc1a0fa7a2e881ef0
Author: Zander Huang <zthuang@wisc.edu>
Date:   Wed Sep 28 22:32:22 2022 -0500

    added git log for submission

commit 0dd756b8b5cd4d121659f755516c4b0db01df051
Author: Zander Huang <zthuang@wisc.edu>
Date:   Wed Sep 28 22:31:29 2022 -0500

    removed messy commented out code

commit 6d373791279ba069ef7a18876b9b95ea1df271ec
Author: u167178 <u167178@s005-n004.aidevcloud>
Date:   Wed Sep 28 20:24:38 2022 -0700

    added afu file

commit e75f897d7b1a18fb5a24d39b9a056da45a12b6ec
Author: Zander Huang <zthuang@wisc.edu>
Date:   Wed Sep 28 21:39:52 2022 -0500

    added the ccip_mmio module for synthesis

commit 5fc365c8010dff2ef9296cc8321ac739af485129
Author: Zander Huang <zthuang@wisc.edu>
Date:   Wed Sep 28 21:39:28 2022 -0500

    made a list of files needed and got testbench logs

commit f31fff9f6910789f1e3902f78a59bbb266f711f4
Author: Zander Huang <zthuang@wisc.edu>
Date:   Wed Sep 28 21:21:38 2022 -0500

    changed tpuv1 to only use Cin as Cin input

commit 30159e232a6cffc3d40e9a8453efeb72d86af173
Author: Zander Huang <zthuang@wisc.edu>
Date:   Wed Sep 28 20:43:49 2022 -0500

    enabled b when doing multiply

commit cff198c0026ebf53e9f7c00ba9eeebf2ac6102e6
Author: Allison Nicole Seigler <aseigler@tux-103.cae.wisc.edu>
Date:   Wed Sep 28 19:29:55 2022 -0500

    the Cin input to the systolic array has 2 x vals and i can't get rid of them

commit 713f6fa8bba146af0340286a0b824def838da885
Author: Allison Nicole Seigler <aseigler@tux-103.cae.wisc.edu>
Date:   Wed Sep 28 17:56:27 2022 -0500

    now it compiles but it doesn't work

commit 63b1734072dd3c293411ed24d38a25127f405f24
Author: Allison Nicole Seigler <aseigler@tux-103.cae.wisc.edu>
Date:   Wed Sep 28 17:42:54 2022 -0500

    allison does her best

commit bd2ea43e34106e752fbc968222fa3e916aef4a96
Author: Zander Huang <zthuang@wisc.edu>
Date:   Tue Sep 27 19:37:08 2022 -0500

    fixed compilation errors

commit f8870d7c4123864779b28c1d0a1d6c79824a1cc1
Author: Arnav Mehta <71764771+anmehta4@users.noreply.github.com>
Date:   Tue Sep 27 18:54:31 2022 -0500

    Update systolic_array.sv

commit ec430143beb50454b089a9df9b8c51f79a7d9b4a
Author: Allison Seigler <55610738+allisonseigler@users.noreply.github.com>
Date:   Tue Sep 27 18:54:12 2022 -0500

    using allison's tpumac now

commit 529711aa69b64efddc74d1703decf53cde4f0400
Author: Allison Seigler <55610738+allisonseigler@users.noreply.github.com>
Date:   Tue Sep 27 18:52:06 2022 -0500

    semicolon fun

commit 680fc45c1bf971ee6e1802853ada3e4e235f3072
Author: Allison Seigler <55610738+allisonseigler@users.noreply.github.com>
Date:   Tue Sep 27 18:50:40 2022 -0500

    fixed compiler error i think i hope

commit 268eae7f5e73531c081c564c4f72903f10fc1b45
Author: Allison Seigler <55610738+allisonseigler@users.noreply.github.com>
Date:   Tue Sep 27 18:42:11 2022 -0500

    working on compiler errors

commit e709020c259a04b822380eb54bf79bf58670622e
Merge: 15d827a 05b78ee
Author: anmehta4 <anmehta4@wisc.edu>
Date:   Tue Sep 27 18:40:23 2022 -0500

    Merge branch 'main' of github.com:allisonseigler/ece554_miniproject5 into main

commit 15d827ae719c667853363c70c3a8cc3aeae596c6
Merge: 2424737 ca15907
Author: anmehta4 <anmehta4@wisc.edu>
Date:   Tue Sep 27 18:40:05 2022 -0500

    Addeding test files

commit 05b78eedc6bfe706d176bd8991e99ee7dc1fe637
Author: Allison Seigler <55610738+allisonseigler@users.noreply.github.com>
Date:   Tue Sep 27 18:30:12 2022 -0500

    fixed counter

commit 07f5794613239d12c624626ffaaa392d817a6971
Merge: 108ff2c 18dc47c
Author: Allison Seigler <55610738+allisonseigler@users.noreply.github.com>
Date:   Tue Sep 27 18:27:14 2022 -0500

    Merge pull request #1 from anmehta4/patch-1
    
    fixed indentation for typedef

commit 18dc47c268cf710edb86f6521babdca80b95d72a
Author: Arnav Mehta <71764771+anmehta4@users.noreply.github.com>
Date:   Tue Sep 27 18:26:29 2022 -0500

    fixed indentation for typedef

commit 108ff2c83531d65b689a7cee0599914397cff3cd
Author: Allison Seigler <55610738+allisonseigler@users.noreply.github.com>
Date:   Tue Sep 27 18:25:59 2022 -0500

    made it prettier

commit 892f60ca5c97a5b30b8c6d5abb49054ababd2974
Author: Allison Seigler <55610738+allisonseigler@users.noreply.github.com>
Date:   Tue Sep 27 18:23:58 2022 -0500

    finished state machine
    
    also all the commits are from me but we worked on this file together

commit 535a689103226cf0d2355f220e54c06fd886d87d
Author: Allison Seigler <55610738+allisonseigler@users.noreply.github.com>
Date:   Tue Sep 27 18:04:04 2022 -0500

    state machine read_c state

commit cae3df02ae3132e7228a4164b756cc09c06a6ab4
Author: Allison Seigler <55610738+allisonseigler@users.noreply.github.com>
Date:   Tue Sep 27 17:53:10 2022 -0500

    Crow  and dataOut logic

commit 613ab7d279a08fb2ca9ed21ba30467de13172666
Author: Allison Seigler <55610738+allisonseigler@users.noreply.github.com>
Date:   Tue Sep 27 17:42:24 2022 -0500

    Arow logic

commit 47dfe314b4caba4dc1d92158318665362ede4800
Author: Allison Seigler <55610738+allisonseigler@users.noreply.github.com>
Date:   Tue Sep 27 17:35:26 2022 -0500

    added lots of stuff

commit ee9d3cf530b823e5f7aaeaabaf8ce521be70920e
Author: Zander Huang <zthuang@wisc.edu>
Date:   Tue Sep 27 17:04:10 2022 -0500

    add systolic array files to project

commit ca844c449e1259c6182cf87d9f5c92d9136bef70
Merge: 8356be1 ca15907
Author: Zander Huang <zthuang@wisc.edu>
Date:   Tue Sep 27 16:52:15 2022 -0500

    Merge branch 'main' of https://github.com/allisonseigler/ece554_miniproject5

commit 8356be1cf9b0288a9a711d5677dfee5263981a1e
Author: Zander Huang <zthuang@wisc.edu>
Date:   Tue Sep 27 16:50:35 2022 -0500

    added lab 4 files

commit ca15907733179b7edb82291386a6e68ffe453c70
Author: Allison Seigler <55610738+allisonseigler@users.noreply.github.com>
Date:   Tue Sep 27 16:49:24 2022 -0500

    Update tpuv1.sv

commit 2424737fe99b51e6867bd1bded5c9f9c8099d381
Author: anmehta4 <anmehta4@wisc.edu>
Date:   Tue Sep 27 16:48:57 2022 -0500

    changed some logic variables

commit de329ee1ca40f3f4f5c93c945b6f3a2172c8b23a
Author: Allison Seigler <55610738+allisonseigler@users.noreply.github.com>
Date:   Tue Sep 27 15:50:14 2022 -0500

    Update tpuv1.sv

commit 308350b05832374c355a991feef313d173096835
Author: Allison Seigler <55610738+allisonseigler@users.noreply.github.com>
Date:   Tue Sep 27 15:29:35 2022 -0500

    create tpuv1 and instantiate modules

commit 68e895f93564a77a042727c246289e88aa9859c6
Author: Allison Seigler <55610738+allisonseigler@users.noreply.github.com>
Date:   Tue Sep 27 14:45:10 2022 -0500

    Delete memB.sv

commit 1f2d2ae7a551dcbb222f05ff5b91157b6fae435b
Author: Allison Seigler <55610738+allisonseigler@users.noreply.github.com>
Date:   Tue Sep 27 14:45:02 2022 -0500

    Delete memA.sv,

commit e5b4827fadd233e9bfa8c2655302eee7c73e297c
Author: Allison Seigler <55610738+allisonseigler@users.noreply.github.com>
Date:   Tue Sep 27 14:34:36 2022 -0500

    Update README.md

commit 19e0d1f5c57bd842a0da6b02a5f316d55ff00d97
Author: Allison Seigler <allisonseigler@Allisons-MacBook-Pro.local>
Date:   Thu Sep 22 13:23:03 2022 -0500

    added memA and memB files

commit eb66756192afd5d93b64434942dc84160428eb9c
Author: Allison Seigler <allisonseigler@Allisons-MacBook-Pro.local>
Date:   Thu Sep 22 13:11:14 2022 -0500

    first commit
